app/build/intermediates/manifest_merge_blame_file/debug/manifest-merger-blame-debug-report.txt
1<?xml version="1.0" encoding="utf-8"?>
2<manifest xmlns:android="http://schemas.android.com/apk/res/android"
3    package="com.example.plantalarm"
4    android:versionCode="1"
5    android:versionName="1.0" >
6
7    <uses-sdk
8        android:minSdkVersion="21"
9        android:targetSdkVersion="33" />
10
11    <permission
11-->[androidx.core:core:1.9.0] AndroidManifest.xml:22:5-24:47
12        android:name="com.example.plantalarm.DYNAMIC_RECEIVER_NOT_EXPORTED_PERMISSION"
12-->[androidx.core:core:1.9.0] AndroidManifest.xml:23:9-81
13        android:protectionLevel="signature" />
13-->[androidx.core:core:1.9.0] AndroidManifest.xml:24:9-44
14
15    <uses-permission android:name="com.example.plantalarm.DYNAMIC_RECEIVER_NOT_EXPORTED_PERMISSION" />
15-->[androidx.core:core:1.9.0] AndroidManifest.xml:26:5-97
15-->[androidx.core:core:1.9.0] AndroidManifest.xml:26:22-94
16
17    <application
17-->src\main\AndroidManifest.xml:5:5-53:19
18        android:allowBackup="true"
18-->src\main\AndroidManifest.xml:6:9-35
19        android:appComponentFactory="androidx.core.app.CoreComponentFactory"
19-->[androidx.core:core:1.9.0] AndroidManifest.xml:28:18-86
20        android:dataExtractionRules="@xml/data_extraction_rules"
20-->src\main\AndroidManifest.xml:7:9-65
21        android:debuggable="true"
22        android:extractNativeLibs="true"
23        android:fullBackupContent="@xml/backup_rules"
23-->src\main\AndroidManifest.xml:8:9-54
24        android:icon="@mipmap/ic_launcher"
24-->src\main\AndroidManifest.xml:9:9-43
25        android:label="@string/app_name"
25-->src\main\AndroidManifest.xml:10:9-41
26        android:roundIcon="@mipmap/ic_launcher_round"
26-->src\main\AndroidManifest.xml:11:9-54
27        android:supportsRtl="true"
27-->src\main\AndroidManifest.xml:12:9-35
28        android:testOnly="true"
29        android:theme="@style/Theme.PlantAlarm" >
29-->src\main\AndroidManifest.xml:13:9-48
30        <activity
30-->src\main\AndroidManifest.xml:15:9-23:20
31            android:name="com.example.plantalarm.plant_main"
31-->src\main\AndroidManifest.xml:16:13-39
32            android:exported="true" >
32-->src\main\AndroidManifest.xml:17:13-36
33            <intent-filter>
33-->src\main\AndroidManifest.xml:18:13-22:29
34                <action android:name="android.intent.action.MAIN" />
34-->src\main\AndroidManifest.xml:19:17-69
34-->src\main\AndroidManifest.xml:19:25-66
35
36                <category android:name="android.intent.category.LAUNCHER" />
36-->src\main\AndroidManifest.xml:21:17-77
36-->src\main\AndroidManifest.xml:21:27-74
37            </intent-filter>
38        </activity>
39        <activity
39-->src\main\AndroidManifest.xml:24:9-27:20
40            android:name="com.example.plantalarm.plant_die"
40-->src\main\AndroidManifest.xml:25:13-37
41            android:label="plant_die" >
41-->src\main\AndroidManifest.xml:26:13-38
42        </activity>
43        <activity
43-->src\main\AndroidManifest.xml:28:9-31:20
44            android:name="com.example.plantalarm.plant_album"
44-->src\main\AndroidManifest.xml:29:13-39
45            android:label="plant_album" >
45-->src\main\AndroidManifest.xml:30:13-40
46        </activity>
47        <activity
47-->src\main\AndroidManifest.xml:32:9-35:20
48            android:name="com.example.plantalarm.plant_single_memory"
48-->src\main\AndroidManifest.xml:33:13-47
49            android:label="plant_single_memory" >
49-->src\main\AndroidManifest.xml:34:13-48
50        </activity>
51        <activity
51-->src\main\AndroidManifest.xml:36:9-39:20
52            android:name="com.example.plantalarm.plant_select"
52-->src\main\AndroidManifest.xml:37:13-40
53            android:label="plant_select" >
53-->src\main\AndroidManifest.xml:38:13-41
54        </activity>
55        <activity
55-->src\main\AndroidManifest.xml:40:9-43:20
56            android:name="com.example.plantalarm.MainActivity"
56-->src\main\AndroidManifest.xml:41:13-41
57            android:label="MainActivity" >
57-->src\main\AndroidManifest.xml:42:13-41
58        </activity>
59        <activity
59-->src\main\AndroidManifest.xml:44:9-47:20
60            android:name="com.example.plantalarm.AlarmActivity"
60-->src\main\AndroidManifest.xml:45:13-42
61            android:label="AlarmActivity" >
61-->src\main\AndroidManifest.xml:46:13-42
62        </activity>
63        <activity
63-->src\main\AndroidManifest.xml:48:9-51:20
64            android:name="com.example.plantalarm.AlarmSetActivity"
64-->src\main\AndroidManifest.xml:49:13-45
65            android:label="AlarmSetActivity" >
65-->src\main\AndroidManifest.xml:50:13-45
66        </activity>
67
68        <provider
68-->[androidx.emoji2:emoji2:1.2.0] AndroidManifest.xml:24:9-32:20
69            android:name="androidx.startup.InitializationProvider"
69-->[androidx.emoji2:emoji2:1.2.0] AndroidManifest.xml:25:13-67
70            android:authorities="com.example.plantalarm.androidx-startup"
70-->[androidx.emoji2:emoji2:1.2.0] AndroidManifest.xml:26:13-68
71            android:exported="false" >
71-->[androidx.emoji2:emoji2:1.2.0] AndroidManifest.xml:27:13-37
72            <meta-data
72-->[androidx.emoji2:emoji2:1.2.0] AndroidManifest.xml:29:13-31:52
73                android:name="androidx.emoji2.text.EmojiCompatInitializer"
73-->[androidx.emoji2:emoji2:1.2.0] AndroidManifest.xml:30:17-75
74                android:value="androidx.startup" />
74-->[androidx.emoji2:emoji2:1.2.0] AndroidManifest.xml:31:17-49
75            <meta-data
75-->[androidx.lifecycle:lifecycle-process:2.4.1] AndroidManifest.xml:31:13-33:52
76                android:name="androidx.lifecycle.ProcessLifecycleInitializer"
76-->[androidx.lifecycle:lifecycle-process:2.4.1] AndroidManifest.xml:32:17-78
77                android:value="androidx.startup" />
77-->[androidx.lifecycle:lifecycle-process:2.4.1] AndroidManifest.xml:33:17-49
78        </provider>
79    </application>
80
81</manifest>